{"/Users/jlynch/Git-Projects/Ameritrader-Bots/sector-scraper/index.js": {"path":"/Users/jlynch/Git-Projects/Ameritrader-Bots/sector-scraper/index.js","statementMap":{"0":{"start":{"line":2,"column":0},"end":{"line":2,"column":26}},"1":{"start":{"line":3,"column":14},"end":{"line":3,"column":30}},"2":{"start":{"line":4,"column":15},"end":{"line":4,"column":32}},"3":{"start":{"line":5,"column":23},"end":{"line":5,"column":51}},"4":{"start":{"line":7,"column":13},"end":{"line":7,"column":32}},"5":{"start":{"line":9,"column":13},"end":{"line":47,"column":1}},"6":{"start":{"line":11,"column":16},"end":{"line":11,"column":57}},"7":{"start":{"line":12,"column":4},"end":{"line":12,"column":36}},"8":{"start":{"line":14,"column":23},"end":{"line":14,"column":43}},"9":{"start":{"line":15,"column":4},"end":{"line":15,"column":41}},"10":{"start":{"line":16,"column":4},"end":{"line":16,"column":59}},"11":{"start":{"line":18,"column":4},"end":{"line":19,"column":64}},"12":{"start":{"line":19,"column":8},"end":{"line":19,"column":64}},"13":{"start":{"line":21,"column":24},"end":{"line":21,"column":55}},"14":{"start":{"line":23,"column":24},"end":{"line":23,"column":52}},"15":{"start":{"line":25,"column":4},"end":{"line":25,"column":26}},"16":{"start":{"line":27,"column":4},"end":{"line":27,"column":47}},"17":{"start":{"line":28,"column":4},"end":{"line":28,"column":47}},"18":{"start":{"line":29,"column":4},"end":{"line":29,"column":56}},"19":{"start":{"line":30,"column":4},"end":{"line":30,"column":80}},"20":{"start":{"line":31,"column":4},"end":{"line":31,"column":73}},"21":{"start":{"line":32,"column":4},"end":{"line":32,"column":73}},"22":{"start":{"line":33,"column":4},"end":{"line":33,"column":77}},"23":{"start":{"line":34,"column":4},"end":{"line":34,"column":77}},"24":{"start":{"line":35,"column":4},"end":{"line":35,"column":93}},"25":{"start":{"line":36,"column":4},"end":{"line":36,"column":75}},"26":{"start":{"line":37,"column":4},"end":{"line":37,"column":75}},"27":{"start":{"line":38,"column":4},"end":{"line":38,"column":75}},"28":{"start":{"line":39,"column":4},"end":{"line":39,"column":77}},"29":{"start":{"line":41,"column":20},"end":{"line":41,"column":42}},"30":{"start":{"line":43,"column":4},"end":{"line":43,"column":45}},"31":{"start":{"line":45,"column":4},"end":{"line":45,"column":18}},"32":{"start":{"line":49,"column":0},"end":{"line":55,"column":2}},"33":{"start":{"line":53,"column":4},"end":{"line":53,"column":58}}},"fnMap":{"0":{"name":"(anonymous_0)","decl":{"start":{"line":9,"column":13},"end":{"line":9,"column":14}},"loc":{"start":{"line":9,"column":25},"end":{"line":47,"column":1}},"line":9},"1":{"name":"(anonymous_1)","decl":{"start":{"line":49,"column":14},"end":{"line":49,"column":15}},"loc":{"start":{"line":49,"column":21},"end":{"line":55,"column":1}},"line":49}},"branchMap":{"0":{"loc":{"start":{"line":18,"column":4},"end":{"line":19,"column":64}},"type":"if","locations":[{"start":{"line":18,"column":4},"end":{"line":19,"column":64}},{"start":{"line":18,"column":4},"end":{"line":19,"column":64}}],"line":18}},"s":{"0":1,"1":1,"2":1,"3":1,"4":1,"5":1,"6":1,"7":1,"8":1,"9":1,"10":1,"11":1,"12":0,"13":1,"14":1,"15":1,"16":1,"17":1,"18":1,"19":1,"20":1,"21":1,"22":1,"23":1,"24":1,"25":1,"26":1,"27":1,"28":1,"29":1,"30":1,"31":1,"32":1,"33":0},"f":{"0":1,"1":0},"b":{"0":[0,1]},"_coverageSchema":"1a1c01bbd47fc00a2c39e90264f33305004495a9","hash":"2b104ddb0a2420102e00d06da9dfd2e54b07314e"}
}
